# BEAST v1.8.4
# Generated Fri Mar 27 11:06:17 CST 2026 [seed=1774580776976]
# -overwrite -beagle_off D:\naturedna\evoflux-reproduce\figures\reproduced\pisca_zenodo_fig4\fig4b_case19_zenodo.xml
state	posterior	prior	likelihood	biallelicBinary.demethylation	biallelicBinary.homozygousDemethylation	biallelicBinary.homozygousMethylation	treeModel.rootHeight	luca_height	luca_branch	constant.popSize	clock.rate	coalescent
0	-2411.609390786637	-10.223979547133004	-2401.3854112395043	1.0	1.0	1.0	14.719070173329794	89.167009	74.4479388266702	1.0	0.02	-5.416374467321197
5000	-2352.4479316682696	-16.20210768292437	-2336.2458239853454	1.0	1.310401359074429	0.9499850092135723	14.399392857001843	89.167009	74.76761614299815	5.813992053751288	0.014978697522554466	-9.248951657336443
10000	-2352.953660025342	-16.042080160834495	-2336.9115798645075	1.079032349668566	1.258534566203817	0.9591877522718723	14.555798844577135	89.167009	74.61121015542285	4.322088702020219	0.015664906715325406	-9.332127710019483
15000	-2354.807932884967	-16.113639316585022	-2338.694293568382	0.974141929572169	1.2214133820523092	1.0431923452205616	14.55176908370858	89.167009	74.61523991629142	1.8159543364056783	0.013755187408169415	-10.386487486018947
20000	-2353.5872413876345	-15.132236531939173	-2338.4550048556953	0.9288191426793772	1.3127494850441075	0.8875419153791152	14.665865521921209	89.167009	74.50114347807879	2.823837961999354	0.015379988725563547	-9.082411708049753
25000	-2352.762583884511	-15.102247181625636	-2337.6603367028856	0.8596919683406861	1.066819935765462	0.857049007736489	14.392061047978435	89.167009	74.77494795202156	4.264969642102617	0.014088019329006331	-9.191737207505932
30000	-2356.724289317243	-16.37810011018281	-2340.34618920706	0.8687693586699783	1.2784058529646314	0.8465941178757582	14.707453216908366	89.167009	74.45955578309163	5.026661631353721	0.01365007767990172	-9.959562685459856
35000	-2353.3922814828165	-15.54891559293769	-2337.843365889879	0.8687693586699783	1.1244248096193363	0.8901866233028135	14.476421863509245	89.167009	74.69058713649075	3.777575414656659	0.014891466117150285	-9.605693333798861
40000	-2355.6612926165126	-16.18271198439199	-2339.4785806321206	0.8687693586699783	1.1689076927326456	0.8827695753989829	14.461532258422281	89.167009	74.70547674157771	5.596946137986154	0.01470257332467225	-9.784995213800888
45000	-2352.4638951767197	-15.144414895266715	-2337.319480281453	1.0010308638218977	1.1831357231962552	0.9175619886157	14.58042459859724	89.167009	74.58658440140275	1.959542700932887	0.016051742292934972	-9.527857427866289
50000	-2353.3995563433878	-15.86293428795876	-2337.536622055429	0.9377689187673971	1.1057199688859611	0.9389558957806234	14.486179585266285	89.167009	74.68082941473371	5.587210820040816	0.014256403306414846	-9.40506391755336
55000	-2352.401266912307	-15.356493328371164	-2337.044773583936	0.9936416901015573	1.173593625489317	0.9048131689806606	14.467773009833104	89.167009	74.69923599016688	3.0740404111850514	0.016140811848361674	-9.333064010672793
60000	-2359.2272757481983	-17.892064870816878	-2341.3352108773815	1.0225562613537071	1.5511567599491207	1.1071533475640019	14.76021935914366	89.167009	74.40678964085633	1.4969459138515937	0.013978101011079512	-11.611689663662716
65000	-2354.0059856132316	-15.625646999695062	-2338.3803386135364	0.8568303495628068	1.1035503656863286	0.9224484847504527	14.674169634755389	89.167009	74.4928393652446	4.326794876922341	0.014043064619849631	-9.560010274185789
70000	-2353.5317781857825	-15.85996689770299	-2337.6718112880794	1.046318450772196	1.3497934144767667	0.895499882202059	14.579854524350411	89.167009	74.58715447564958	3.2468776224150715	0.014533643807259173	-9.430357549153882
75000	-2351.995402347056	-15.52472919805711	-2336.4706731489987	0.8967768611066592	1.2830207679283905	0.857614640053078	14.462384242655311	89.167009	74.70462475734467	4.6755328572094195	0.015198057898278274	-9.105556212826672
80000	-2352.3189681966173	-15.478660000030368	-2336.840308196587	0.9112028454011968	1.270250076831185	0.9509584386641693	14.54719096421878	89.167009	74.61981803578121	4.209248126985328	0.015185157907554371	-9.041283013323739
85000	-2356.267802083766	-17.976206946397035	-2338.2915951373693	1.0683240916285217	1.1960085053198992	0.9253674468209643	14.668541414604617	89.167009	74.49846758539537	9.25738476901601	0.01553029353476456	-10.676078462714148
90000	-2351.6854850733607	-15.116651887261764	-2336.568833186099	0.9270536807501033	1.1328037546752103	0.8416321577889173	14.369364976543297	89.167009	74.7976440234567	1.7744785301977755	0.016885664885502878	-9.879905366058802
95000	-2354.4555798553283	-15.072857625407853	-2339.3827222299205	0.830974768024555	1.0883478539622344	0.8529253611518252	14.545893131951289	89.167009	74.6211158680487	3.8849112287606427	0.016573027953067764	-9.237839918103415
100000	-2353.40799771523	-15.086683576406532	-2338.3213141388237	0.9445438761030425	1.0523072046703954	0.7626918470893278	14.509905498427829	89.167009	74.65710350157217	2.0335480580378706	0.015090374627358837	-9.922025050191621
105000	-2351.970605622164	-14.789784163386434	-2337.1808214587777	0.8574362593001676	1.1363059791566867	0.8060451514805012	14.431656489439154	89.167009	74.73535251056084	4.0092339997263595	0.015783682372655775	-8.876585023924921
110000	-2353.556654494583	-15.35636251023055	-2338.2002919843526	1.0878654091122426	1.2347283681496433	0.9030471108260558	14.70158985334987	89.167009	74.46541914665012	3.85689493280518	0.01526932871848629	-8.868828276313751
115000	-2356.002510848538	-16.520422912678935	-2339.482087935859	1.1498812193903158	1.5360228566241831	1.012781394541345	14.67488650486922	89.167009	74.49212249513077	2.1558575807312104	0.013595469097549738	-9.850880786829894
120000	-2357.1375252374887	-16.887651972260805	-2340.249873265228	1.1435507111191523	1.196697416550361	1.1550697578786144	14.784319665383164	89.167009	74.38268933461683	5.8119324372186245	0.014259543245145747	-9.590042456736048
125000	-2357.751147075123	-16.26886776663491	-2341.482279308488	0.9694673486000093	1.4663186299072404	0.9078102515091014	14.649385621740473	89.167009	74.51762337825951	5.539001528465249	0.013284617507344307	-9.213848571372166
130000	-2352.575501951718	-14.901740477382283	-2337.6737614743356	0.8666314249860599	1.0679102769072177	0.8441174561585141	14.606138199116824	89.167009	74.56087080088317	2.7327694527961626	0.013871668737294621	-9.443915021259256
135000	-2355.961271934366	-18.1551361148775	-2337.806135819488	0.8353913229533843	1.2536832929996509	0.8722229189171006	14.516550262572153	89.167009	74.65045873742784	11.159743264921323	0.015615554455873641	-10.971328859591743
140000	-2354.64901736055	-15.181835816301142	-2339.467181544249	0.7022894698389724	1.1053768885086153	0.7487450151816821	14.50422098011803	89.167009	74.66278801988196	5.043361870579227	0.016755291111560478	-9.297611124163598
145000	-2355.3137407257173	-16.76446725593087	-2338.5492734697864	0.8216011336352268	1.0437809757282186	0.7770289271874682	14.383000456228105	89.167009	74.78400854377189	9.127293345703361	0.016507977910583015	-10.243578654185463
150000	-2352.823742773484	-15.216678409178598	-2337.607064364305	1.1049564904954927	1.1641005925419887	1.0044322928189835	14.486913334969739	89.167009	74.68009566503025	3.7251948618616737	0.01459317718140893	-8.715885381621218
155000	-2355.147305297476	-16.09194440086218	-2339.055360896614	1.2053712742500007	1.3682375887110838	1.0356423221798767	14.74647668927903	89.167009	74.42053231072096	3.430409776832749	0.014472045078540913	-9.115269624582488
160000	-2352.7832842904927	-14.777919016327687	-2338.005365274165	0.9955442830589717	1.1169549695032137	0.9517992185692813	14.590205455349368	89.167009	74.57680354465063	2.3302733658946693	0.015917686225819874	-9.05816785366477
165000	-2364.3929428549036	-20.06145794644315	-2344.3314849084604	1.1790697672904906	1.5007911238360847	0.9874606979006656	14.74316635607355	89.167009	74.42384264392645	14.5425192490962	0.014211512711152605	-11.528594467480131
170000	-2355.034378455297	-17.653184128205595	-2337.381194327091	0.8894584317045445	1.2638995638454837	0.8694694567837881	14.484961777548845	89.167009	74.68204722245115	9.441358801419906	0.01491849381340983	-10.561275846188156
175000	-2350.7542697601803	-15.310928813939366	-2335.443340946241	0.8896800266020854	1.1584067554110935	0.8606575928636793	14.381038324909774	89.167009	74.78597067509023	4.488457559283328	0.0151847379469219	-9.147814139875251
180000	-2352.985183109268	-17.51096723819064	-2335.4742158710774	1.0153544056640562	1.2213154579747407	0.8885530637213968	14.368751896145602	89.167009	74.7982571038544	8.84328469728665	0.014743716352499716	-10.353640963436863
185000	-2355.923450200605	-16.482038533984735	-2339.4414116666203	1.1282678508564754	1.2213154579747407	0.9570169902366242	14.450562575235821	89.167009	74.71644642476417	6.695361702082874	0.015519506684846678	-9.322772176323374
190000	-2352.196708414687	-15.35393595244712	-2336.8427724622397	1.0225562075832488	1.1133822198558638	0.9260591525370405	14.476045346431592	89.167009	74.6909636535684	3.6260321762890397	0.014223022077745355	-9.209642850793449
195000	-2352.6233709876183	-16.153827370998552	-2336.46954361662	1.0225562075832488	1.270943745136975	0.9285798965603792	14.742179744530045	89.167009	74.42482925546994	5.2980170759543705	0.014947266717536031	-9.357495958776953
200000	-2352.4550219628227	-16.17595621044701	-2336.2790657523756	1.1319972494630035	1.2239845044401025	0.922502387372573	14.371199933383904	89.167009	74.79580906661609	1.492074366344621	0.015344048796902127	-10.557804544158342
205000	-2359.5757946926137	-20.80295173779952	-2338.772842954814	0.8330605448459287	1.1611323527209603	0.7805648964250615	14.742886519891245	89.167009	74.42412248010875	22.40877184548432	0.01533350556412754	-13.189794910866112
210000	-2354.3836039771604	-17.015372350043283	-2337.368231627117	0.8526667319781882	1.295113087675296	0.846050752801044	14.622483278351215	89.167009	74.54452572164878	7.533982801177803	0.015083268327435829	-10.170712813268079
215000	-2353.256440684449	-14.506044449857447	-2338.7503962345913	0.9165036825452876	1.0243875008550287	0.8966531191880971	14.54400585202387	89.167009	74.62300314797612	2.9407711928641556	0.014838040443154801	-8.899912008193297
220000	-2352.536781542719	-14.622992174671003	-2337.913789368048	0.9711369515575754	1.2698809784961353	0.8635965406755519	14.557198253845304	89.167009	74.6098107461547	2.152363740678197	0.014817230623891647	-8.89396349893968
225000	-2353.867392804868	-15.606382071788477	-2338.2610107330793	0.9421310940369287	1.1048003242104285	0.844075583280175	14.886254692911946	89.167009	74.28075430708805	2.0034017308832994	0.014324112504460007	-10.294199534374318
230000	-2354.957263824309	-14.315992365344822	-2340.641271458964	0.7880656476569444	1.1378979642411229	0.8506475390608081	14.815168395492634	89.167009	74.35184060450736	2.7838875829823904	0.014478122509880167	-8.805591462358386
235000	-2353.4095513685256	-16.796191782325547	-2336.6133595862	0.9739850651944333	1.203531157861686	0.8742751297783247	14.701484325015917	89.167009	74.46552467498408	7.148125841694622	0.014567406939173983	-9.963594359050958
240000	-2354.7277274225	-16.350582665656802	-2338.377144756843	0.7439974691664912	1.0739440337547979	0.7702418668424429	14.462250060962257	89.167009	74.70475893903773	7.136313527257247	0.015068065055400127	-10.130300838974097
245000	-2359.7089927692073	-16.548194909775756	-2343.1607978594316	0.839381835162513	1.112777656021439	0.9658720915757121	14.571810370194944	89.167009	74.59519862980505	5.718098513980262	0.014403281143454877	-10.145229498689192
250000	-2356.7182985708705	-14.755312848772997	-2341.9629857220975	0.656799968118429	1.2096149204044861	0.7293948522785172	14.441373868000277	89.167009	74.72563513199972	4.057641156399531	0.01667147720637862	-8.963594002716587
255000	-2357.5550481410037	-18.884867050143445	-2338.6701810908603	0.8482931280187551	1.194234334925628	0.8804351581454787	14.49234818719845	89.167009	74.67466081280155	13.81075527901266	0.013161106597044614	-11.585412046101654
260000	-2351.84286106215	-15.522881282216957	-2336.319979779933	1.022728871317302	1.1390924959477913	0.8759292695854376	14.524533325215058	89.167009	74.64247567478493	5.016280083973337	0.015536717792473067	-9.066632779696695
265000	-2355.3364351009795	-17.801975483576513	-2337.534459617403	1.0104517854304602	1.2037343565668226	0.8261097497063008	14.48192918990888	89.167009	74.68507981009111	10.000160214188767	0.014011849679499278	-10.64371428177955
270000	-2357.8399022995645	-17.652531854549057	-2340.1873704450154	0.8442464963768699	1.099921320214899	0.8261097497063008	14.641483491136118	89.167009	74.52552550886388	0.9988931675308192	0.01444391742776284	-13.19415479676371
275000	-2352.6700775075274	-14.204423310225303	-2338.4656541973022	0.7083574768682276	1.0925624647762464	0.7441938849918774	14.54963857968629	89.167009	74.6173704203137	3.45022423454554	0.015720830970223396	-8.729983737475138
280000	-2353.9235101620466	-16.997108371642828	-2336.926401790404	0.991967444085462	1.274054268136307	0.979260244474846	14.466315878396404	89.167009	74.70069312160359	6.415036883220832	0.014571285673552798	-9.981247571884213
285000	-2356.3227138874363	-14.438730803255114	-2341.883983084181	0.831849570221921	1.1016938334961754	0.8727010435731409	14.529984055458879	89.167009	74.63702494454111	1.4665092078243156	0.016585714172023303	-9.530430322932913
290000	-2352.735538326067	-16.21465513368703	-2336.52088319238	1.0678524338948154	1.2546049850115701	0.9792332951842031	14.496766685512728	89.167009	74.67024231448727	5.676084932365061	0.01492342851015667	-9.234450830780398
295000	-2351.4718540574536	-15.790253020822513	-2335.681601036631	1.0942752396697042	1.2406164690462862	0.974447550075003	14.457564184966614	89.167009	74.70944481503338	4.453449035547108	0.015291518888661888	-9.037869931484922
300000	-2354.3468405872195	-16.01114366056171	-2338.335696926658	0.9208391999465347	1.3461208826086126	0.9267540140325481	14.875811531752884	89.167009	74.2911974682471	4.40269999557022	0.014177189177429368	-9.429239989729377
